<?xml version="1.0" encoding="UTF-8"?>
<!-- Generated by org.testng.reporters.JUnitReportReporter -->
<testsuite hostname="QB-CLT-1378" failures="0" tests="1" name="SeleniumAutomation.TestCases.SubmitOrderTest" time="2.176" errors="0" timestamp="2023-01-23T21:54:28 IST" skipped="0">
  <testcase classname="SeleniumAutomation.TestCases.SubmitOrderTest" name="user_submit_new_order" time="2.176"/>
  <system-out/>
</testsuite> <!-- SeleniumAutomation.TestCases.SubmitOrderTest -->
